2026-01-02T07:25:12 exception: Failed to open "/home/valentijn/.config/mpd/state": No such file or directory
2026-01-02T07:25:12 update: added House na 1995/Carajillo  Truby Trio.mp3
2026-01-02T07:25:12 update: added House na 1995/All I Wanna do - Bran 3000.mp3
2026-01-02T07:25:12 update: added House na 1995/To Be In Love - Masters At Work Ft. India.mp3
2026-01-02T07:25:12 update: added House na 1995/Born Slippy - Underworld.mp3
2026-01-02T07:25:12 update: added House na 1995/Jazzin' The Way You Know (Ministry Mix).wmv - Jazzy M .mp3
2026-01-02T07:25:12 update: added House na 1995/Stay Lost ft. Amber-Simone (Cabu Remix) - Joe Hertz.mp3
2026-01-02T07:25:12 ffmpeg/mov,mp4,m4a,3gp,3g2,mj2: Detected creation time before 1970, parsing as unix timestamp.
2026-01-02T07:25:12 ffmpeg/mov,mp4,m4a,3gp,3g2,mj2: Detected creation time before 1970, parsing as unix timestamp.
2026-01-02T07:25:12 ffmpeg/mov,mp4,m4a,3gp,3g2,mj2: stream 0, timescale not set
2026-01-02T07:25:12 update: added House na 1995/I 3 U So - Cassius.m4a
2026-01-02T07:25:12 update: added House na 1995/Everybody (Original Mix)  - Raul Cremona.mp3
2026-01-02T07:25:12 update: added House na 1995/Work (Freemasons Remix) - Kelly Rowland.mp3
2026-01-02T07:25:12 update: added House na 1995/Got to have your love (shangh - Liberty x.mp3
2026-01-02T07:25:12 update: added House na 1995/Cotton Wool [Fila Brazillia Mix] - Lamb.mp3
2026-01-02T07:25:12 update: added House na 1995/I'm in heaven - Jason Nevins ft. Holly James.mp3
2026-01-02T07:25:12 update: added House na 1995/No reason - Mambana.mp3
2026-01-02T07:25:12 update: added House na 1995/We Got To (Mike Newman Remix) - DJ Chus, Rob Mirage.mp3
2026-01-02T07:25:12 update: added House na 1995/Home - Julie McKnight.mp3
2026-01-02T07:25:12 update: added House na 1995/Bingo Bango - Basement Jaxx.mp3
2026-01-02T07:25:12 update: added House na 1995/Young (Elephante Remix) - Ayer.mp3
2026-01-02T07:25:12 update: added House na 1995/Feelin' Love (Soulsearcher Club Mix) - Soulsearcher .mp3
2026-01-02T07:25:12 update: added House na 1995/Fieste - The Sunclub.mp3
2026-01-02T07:25:12 update: added House na 1995/Got To Be In Love - Barbara Mendes.mp3
2026-01-02T07:25:12 update: added House na 1995/Point of view - DB Boulevard.mp3
2026-01-02T07:25:12 update: added House na 1995/Black light - DJ Touch.mp3
2026-01-02T07:25:12 update: added House na 1995/So Much Love To Give - Together .mp3
2026-01-02T07:25:12 update: added House na 1995/Get Get Down - Paul Johnson.mp3
2026-01-02T07:25:12 update: added House na 1995/Saturday Night Experience (Ron Trent Remix).mp3 - Jody Watley.mp3
2026-01-02T07:25:12 update: added House na 1995/I Never Thought I'd See The Day (Musk Men Mix) - Sade.mp3
2026-01-02T07:25:12 update: added House na 1995/Samba Magic - Basement Jaxx.mp3
2026-01-02T07:25:12 update: added House na 1995/Center of Your Heart (Original Radio Mix) - Eriq Johnson & Avo & Polina Griffith.mp3
2026-01-02T07:25:12 update: added House na 1995/Storm (Hard Times Club Mix) - Salt City Orchestra.mp3
2026-01-02T07:25:12 update: added House na 1995/I Feeling Love - Soulsearcher.mp3
2026-01-02T07:25:12 update: added House na 1995/Forever Together (Grant Nelson Remix) - Raven Maize.mp3
2026-01-02T07:25:12 update: added House na 1995/Cada Vez (Grant Nelson Vocal Mix) - Negrocan .mp3
2026-01-02T07:25:12 update: added House na 1995/Two months off  - Underworld.mp3
2026-01-02T07:25:12 update: added House na 1995/The Organ Track (Stripped Mix) - Thomas Gandey.mp3
2026-01-02T07:25:12 update: added House na 1995/Release (dub) - Mindflight.mp3
2026-01-02T07:25:12 update: added House na 1995/Ever After - Rasmus Faber.mp3
2026-01-02T07:25:12 update: added House na 1995/Sun Is Shining [Radio de Luxe Edit] - Various Artists.mp3
2026-01-02T07:25:12 update: added House na 1995/Celebration Generation (Maximal) - WestBam.mp3
2026-01-02T07:25:12 update: added House na 1995/Lazy - X-Press 2.mp3
2026-01-02T07:25:12 update: added House na 1995/Changes - Sandy Rivera.mp3
2026-01-02T07:25:12 update: added House na 1995/Heaven Or Hell (Original Mix) - Guy Robin feat. Amba Shepherd.mp3
2026-01-02T07:25:12 update: added House na 1995/In The Music (Original Mix) - Deepswing.mp3
2026-01-02T07:25:12 update: added House na 1995/Just Wanna Get Love - Art Nouveau.mp3
2026-01-02T07:25:12 update: added House na 1995/Music Will Never Stop - Crossover feat. Alyssa.mp3
2026-01-02T07:25:12 update: added House na 1995/Shelter - Porter Robinson & Madeon.mp3
2026-01-02T07:25:12 update: added House na 1995/Lady (remix) - Modjo.mp3
2026-01-02T07:25:12 update: added House na 1995/Disco Queen - Jestofunk.mp3
2026-01-02T07:25:12 update: added House na 1995/77 Strings - Chamonix.mp3
2026-01-02T07:25:12 update: added House na 1995/Been There Before - Ryon Lawford feat. Julia Lauren.mp3
2026-01-02T07:25:12 update: added House na 1995/Sandy Rivera Take Away My Pain - deepvisionz - DVR3.mp3
2026-01-02T07:25:12 update: added House na 1995/Peanut Butter (Moon Boots Remix) - Alison Valentine .mp3
2026-01-02T07:25:12 update: added House na 1995/Heard It All Before (Ben Watt Lazy Dog Remix) - Sunshine Anderson.mp3
2026-01-02T07:25:12 update: added House na 1995/Seychelles (Original Mix) - Perseus.mp3
2026-01-02T07:25:12 update: added House na 1995/Body'n'soul (Pooley's soul mix) - Mateo & Matos  .mp3
2026-01-02T07:25:12 update: added House na 1995/Do The Funk - Discoland.mp3
2026-01-02T07:25:12 update: added House na 1995/Give Me Your Love (Club Mix) - Full Intention Presents Deepdown.mp3
2026-01-02T07:25:12 update: added House na 1995/Turn Around - Phats & Small.mp3
2026-01-02T07:25:12 update: added House na 1995/Another Chance - Roger Sanchez.mp3
2026-01-02T07:25:12 update: added House na 1995/Birthday Cake (Sabrina Terence Bootleg) - Rihanna ft. Chris Brown.mp3
2026-01-02T07:25:12 update: added House na 1995/Feeling for You - Cassius.mp3
2026-01-02T07:25:12 update: added House na 1995/Theme - Paradise Soul.mp3
2026-01-02T07:25:12 update: added House na 1995/Red Alert - Basement Jaxx.mp3
2026-01-02T07:25:12 update: added House na 1995/I know you got soul (chekerz - Jason Nevins  Eric b  Rakim.mp3
2026-01-02T07:25:12 update: added House na 1995/Without You (Original Club Mix) - Spero Ft Danny Scott.mp3
2026-01-02T07:25:12 update: added House na 1995/Fade (Original Mix) - Solu Music Feat. Kimblee.mp3
2026-01-02T07:25:12 update: added House na 1995/Lola's Theme (main mix) - Shapeshifters.mp3
2026-01-02T07:25:12 update: added House na 1995/Need Someone (Andre Crom Remix) - Pammin.mp3
2026-01-02T07:25:12 update: added House na 1995/It's Yours (Original Distant Mix) - John Cutler ft. E Man.mp3
2026-01-02T07:25:12 update: added House na 1995/It just wont do - Tim de Luxe.mp3
2026-01-02T07:25:12 ffmpeg/mov,mp4,m4a,3gp,3g2,mj2: stream 0, timescale not set
2026-01-02T07:25:12 update: added House na 1995/Ultimate High - Lisa Shaw.m4a
2026-01-02T07:25:12 update: added House na 1995/Moment Of My Life - Bobby D'Ambrosio Featuring Michelle Weeks.mp3
2026-01-02T07:25:12 update: added House na 1995/Animals - Martin Garrix .mp3
2026-01-02T07:25:12 update: added House na 1995/Stupidisco - Junior Jack.mp3
2026-01-02T07:25:12 update: added House na 1995/Tell Me (Bonehead Mix) - 95 North.mp3
2026-01-02T07:25:12 update: added House na 1995/Dove (I'll Be Loving You) - Moony.mp3
2026-01-02T07:25:12 update: added House na 1995/Magic Love (Ashley Beedle's Black Magic) - Bent.mp3
2026-01-02T07:25:12 update: added House na 1995/Saturday Night Experience (Ron Trent Mix) - Jody Watley .mp3
2026-01-02T07:25:12 update: added House na 1995/L'amour Toujours - Gigi D'Agostino.mp3
2026-01-02T07:25:12 update: added House na 1995/Strings Of Life (Danny Krivit Re Edit) - Soul Central.mp3
2026-01-02T07:25:12 update: added House na 1995/Waiting (soul Magics Fine Dub) - Generous Flavour.mp3
2026-01-02T07:25:12 update: added House na 1995/Summer Daze - Nick Holder.mp3
2026-01-02T07:25:12 update: added House na 1995/The Jam - Miguel Migs.mp3
2026-01-02T07:25:12 update: added House na 1995/Tropical Soundclash - DJ Gregory.mp3
2026-01-02T07:25:12 update: added House na 1995/Lionels Jam - Miguel Migs.mp3
2026-01-02T07:25:12 update: added House na 1995/Big Love (Pete Heller's Original Mix) - Pete Heller.mp3
2026-01-02T07:25:12 update: added House na 1995/Galaxy Discoteque - Microstar.mp3
2026-01-02T07:25:12 update: added House na 1995/Basement Jaxx - Samba Magic .mp3
2026-01-02T07:25:12 update: added House na 1995/Sandy Rivera - Long Time Coming - Main Mix - deepvisionz - DVR5.mp3
2026-01-02T07:25:12 update: added House na 1995/Come With Me (Original Mix) - Nora En Pure.mp3
2026-01-02T07:25:12 update: added House na 1995/Believe (Ministers Vocal Mix) - Ministers De La Funk.mp3
2026-01-02T07:25:12 update: added House na 1995/Be Your Girl (Kaytranada Edition) - Teedra Moses.mp3
2026-01-02T07:25:12 update: added House na 1995/Poor Leno (jakatta mix) - Royksopp.mp3
2026-01-02T07:25:12 update: added House na 1995/Vandaag - Bakermat.mp3
2026-01-02T07:25:12 update: added House na 1995/I Got This Feeling - Baby Bumps .mp3
2026-01-02T07:25:12 update: added House na 1995/Nice 'n' Ruff EP - Track 101 - Grant Nelson.mp3
2026-01-02T07:25:12 update: added House na 1995/Call On Me - Eric Prydz.mp3
2026-01-02T07:25:12 update: added House na 1995/Garden of earthly delights - D Note.mp3
2026-01-02T07:25:12 update: added House na 1995/Cascades of Colour  - The Anada Project.mp3
2026-01-02T07:25:12 update: added House na 1995/Rhode House - Grant Nelson.mp3
2026-01-02T07:25:12 update: added House na 1995/What You Need (Full Intention Power Mix) - Powerhouse Featuring Duane Harden.mp3
2026-01-02T07:25:12 update: added House na 1995/Natural High - Ive Mendes.mp3
2026-01-02T07:25:12 update: added House na 1995/Fifteen (Oxford Remix)  - Goldroom feat. Chela.mp3
2026-01-02T07:25:12 ffmpeg/mov,mp4,m4a,3gp,3g2,mj2: stream 0, timescale not set
2026-01-02T07:25:12 update: added House na 1995/Soda club - Pascal Dubois.m4a
2026-01-02T07:25:12 update: added House na 1995/Can't Get Enough (Jazz N Groove Nu Disco Vocal) - Soulsearcher .mp3
2026-01-02T07:25:12 update: added House na 1995/All good (can 7 supermarkt mix) - Dela Soul ft. Chaka Kahn.mp3
2026-01-02T07:25:12 update: added House na 1995/Inner City Life - Goldie.mp3
2026-01-02T07:25:12 update: added House na 1995/Insatiable (e smoove vocal) - Thick d..mp3
2026-01-02T07:25:12 update: added House na 1995/Right on - Tusma.mp3
2026-01-02T07:25:12 update: added House na 1995/Fool for love (M&S Y2K klub mix) - Russell.mp3
2026-01-02T07:25:12 update: added House na 1995/Touch Me - Rui Da Silva Featuring Cassandra.mp3
2026-01-02T07:25:12 update: added House na 1995/The Bomb! (These Sounds Fall Into My Mind) - Kenny ''Dope'' Presents The Bucketheads - .mp3
2026-01-02T07:25:12 update: added House na 1995/Aziza (Satin Soul's Silky Club Vocal) - Satin Souls.mp3
2026-01-02T07:25:12 update: added House na 1995/A New Day - Twin .mp3
2026-01-02T07:25:12 update: added House na 1995/Hey You (What's that sound) - Les Rythmes Digitales.mp3
2026-01-02T07:25:12 update: added House na 1995/You're Makin Me High Deep Remix - Toni Braxton.mp3
2026-01-02T07:25:12 update: added House na 1995/Don't Give Up (original mix) - Chicane.mp3
2026-01-02T07:25:12 update: added House na 1995/Summer Jam - The Underdog Project (1).mp3
2026-01-02T07:25:12 update: added House na 1995/That Feeling - Chus.mp3
2026-01-02T07:25:12 update: added House na 1995/I dont want nobody - Jada.mp3
2026-01-02T07:25:12 update: added House na 1995/Spellbound - Grant Nelson.mp3
2026-01-02T07:25:12 update: added House na 1995/Feel The Real (Jazz 'n' Groove Ultra Classic Mix) - David Bendeth.mp3
2026-01-02T07:25:12 ffmpeg/mov,mp4,m4a,3gp,3g2,mj2: stream 0, timescale not set
2026-01-02T07:25:12 update: added House na 1995/Tom Petty - LehtMoJoe.m4a
2026-01-02T07:25:12 update: added House na 1995/Cooly's Hot Box - What A Surprise (rican vocal mix) .mp3
2026-01-02T07:25:12 update: added House na 1995/You Don't Know Me (Original Mix)  - Armand Van Helden.mp3
2026-01-02T07:25:12 ffmpeg/mov,mp4,m4a,3gp,3g2,mj2: stream 0, timescale not set
2026-01-02T07:25:12 update: added House na 1995/Your Groove - Summer Grooves.m4a
2026-01-02T07:25:12 update: added House na 1995/At night - Shakedown.mp3
2026-01-02T07:25:12 update: added House na 1995/Finally (Usual Suspects Remix) - Kings Of Tomorrow.mp3
2026-01-02T07:25:12 update: added House na 1995/Needin'U2 (2001 main anthem mix) - David Morales.mp3
2026-01-02T07:25:12 update: added House na 1995/You see the trouble with me - Black Legend.mp3
2026-01-02T07:25:12 update: added House na 1995/Crazibiza vs. House Of Prayers - Lockdown (Radio Edit).mp3
2026-01-02T07:25:12 update: added House na 1995/U Want Me (GH Biddles Remix) - Sean Biddle.mp3
2026-01-02T07:25:12 update: added House na 1995/Love Story (tim deluxe remix) - Layo & Bushwacka.mp3
2026-01-02T07:25:12 update: added House na 1995/Story of my life - Hidden Agenda feat. Kim Payton.mp3
2026-01-02T07:25:12 update: added House na 1995/Rise (Bini & Martini Mix) - Soul Providers.mp3
2026-01-02T07:25:12 update: added House na 1995/Pasilda - Knee Deep Remix  - Afro Medusa.mp3
2026-01-02T07:25:12 update: added House na 1995/Street Player - DJ PulseJazz Cartel.mp3
2026-01-02T07:25:12 update: added House na 1995/You Don't Know Me - Armand Van Helden .mp3
2026-01-02T07:25:12 update: added Deep House/The Rising Sun - DJ Rasoul & Miguel Migs.mp3
2026-01-02T07:25:12 update: added Deep House/Le Champagne (Original Mix) - Trentemoller.mp3
2026-01-02T07:25:12 update: added Deep House/You And Me - Oxford.mp3
2026-01-02T07:25:12 ffmpeg/mov,mp4,m4a,3gp,3g2,mj2: Detected creation time before 1970, parsing as unix timestamp.
2026-01-02T07:25:12 ffmpeg/mov,mp4,m4a,3gp,3g2,mj2: Detected creation time before 1970, parsing as unix timestamp.
2026-01-02T07:25:12 ffmpeg/mov,mp4,m4a,3gp,3g2,mj2: stream 0, timescale not set
2026-01-02T07:25:12 update: added Deep House/Beyond My Dreams - Aircraft 72.m4a
2026-01-02T07:25:12 update: added Deep House/Brand New Day - Miguel Migs.mp3
2026-01-02T07:25:12 update: added Deep House/Saturday Night Experience (Ron Trent Remix).mp3 - Jody Watley.mp3
2026-01-02T07:25:12 update: added Deep House/Groove Culture - Micky More .mp3
2026-01-02T07:25:12 update: added Deep House/Always (Ashley Beedle's Mahavishnu Remix) - Bent.mp3
2026-01-02T07:25:12 update: added Deep House/What Do You Want - Miguel Migs.mp3
2026-01-02T07:25:12 update: added Deep House/Shadow of the Beast - Perseus.mp3
2026-01-02T07:25:12 update: added Deep House/Don’t Push It (Original Mix) - Jimpster.mp3
2026-01-02T07:25:12 update: added Deep House/Don't Forget Me (Original Mix) - Deeptronic.mp3
2026-01-02T07:25:12 update: added Deep House/Release (dub) - Mindflight.mp3
2026-01-02T07:25:12 update: added Deep House/Horizon (Original Mix) - Alan Live.mp3
2026-01-02T07:25:12 update: added Deep House/Miguel Migs - Happiness is free.mp3
2026-01-02T07:25:12 update: added Deep House/Deep Xcape - House According To Jazz.mp3
2026-01-02T07:25:12 update: added Deep House/I Know What You Feel (Original Mix) - Lost Shade.mp3
2026-01-02T07:25:12 update: added Deep House/Misti Blu (Schmoov! Vocal) - Amillionsons.mp3
2026-01-02T07:25:12 update: added Deep House/Luna (Remix) - F Stop.mp3
2026-01-02T07:25:12 update: added Deep House/Seychelles (Original Mix) - Perseus.mp3
2026-01-02T07:25:12 update: added Deep House/Sean (Eric's 2WFU) - Aya.mp3
2026-01-02T07:25:12 update: added Deep House/Need Someone (Andre Crom Remix) - Pammin.mp3
2026-01-02T07:25:12 update: added Deep House/My Love (Original Mix) - Route 94 feat. Jess Glynne.mp3
2026-01-02T07:25:12 ffmpeg/mov,mp4,m4a,3gp,3g2,mj2: stream 0, timescale not set
2026-01-02T07:25:12 update: added Deep House/Ultimate High - Lisa Shaw.m4a
2026-01-02T07:25:12 update: added Deep House/Hold You Close - P'taah.mp3
2026-01-02T07:25:12 update: added Deep House/Slayin' The Dragon (Klartraum Remix) - H-Foundation.mp3
2026-01-02T07:25:12 update: added Deep House/Song Of The Heart (Original Mix) - Auromat.mp3
2026-01-02T07:25:12 update: added Deep House/Hear It No More (Original Mix) - DSF.mp3
2026-01-02T07:25:12 update: added Deep House/Magic Love (Ashley Beedle's Black Magic) - Bent.mp3
2026-01-02T07:25:12 update: added Deep House/Make It Mellow - Demarkus Lewis.mp3
2026-01-02T07:25:12 update: added Deep House/Ikopol (Original Mix) - Dauwd.mp3
2026-01-02T07:25:12 update: added Deep House/R-Evolution - Lazybatusu.mp3
2026-01-02T07:25:12 update: added Deep House/Fahrenheit - Andre Guazzelli.mp3
2026-01-02T07:25:12 update: added Deep House/Keepin' on - Lazybatusu.mp3
2026-01-02T07:25:12 update: added Deep House/Solarbeam (Original Mix) - Karmon.mp3
2026-01-02T07:25:12 update: added Deep House/Step Into The Lig - Soul PatrolJersey Street.mp3
2026-01-02T07:25:12 update: added Deep House/Those Days - Cloud.mp3
2026-01-02T07:25:12 update: added Deep House/Using - Ritual.mp3
2026-01-02T07:25:12 update: added Deep House/Back To Me (Original Mix) - Manuel Tur.mp3
2026-01-02T07:25:12 update: added Deep House/Something In The Air (Bonobo Remix) - Maya Jane Coles.mp3
2026-01-02T07:25:12 update: added Deep House/Near The Beach (Da Funk Days Of Perception Remix) - Deep Active Sound.mp3
2026-01-02T07:25:12 update: added Deep House/Get Down (Phonicfood Remix) - Miguel Migs.mp3
2026-01-02T07:25:12 ffmpeg/mov,mp4,m4a,3gp,3g2,mj2: Detected creation time before 1970, parsing as unix timestamp.
2026-01-02T07:25:12 ffmpeg/mov,mp4,m4a,3gp,3g2,mj2: Detected creation time before 1970, parsing as unix timestamp.
2026-01-02T07:25:12 ffmpeg/mov,mp4,m4a,3gp,3g2,mj2: stream 0, timescale not set
2026-01-02T07:25:12 update: added Deep House/Welcome 2 House Music - Jazz City.m4a
2026-01-02T07:25:12 update: added Deep House/Feel it (deeper mood mix) - Miguel 'Migs'.mp3
2026-01-02T07:25:12 update: added Deep House/Cascades of Colour  - The Anada Project.mp3
2026-01-02T07:25:12 ffmpeg/mov,mp4,m4a,3gp,3g2,mj2: stream 0, timescale not set
2026-01-02T07:25:12 update: added Deep House/Soda club - Pascal Dubois.m4a
2026-01-02T07:25:12 ffmpeg/mov,mp4,m4a,3gp,3g2,mj2: stream 0, timescale not set
2026-01-02T07:25:12 update: added Deep House/The Love Scene (Groovers Lounge Mix) - Pascal Dubois.m4a
2026-01-02T07:25:12 update: added Deep House/Deep In (Original Mix) - Jhon Alvarez.mp3
2026-01-02T07:25:12 update: added Deep House/You Are My High - Demon.mp3
2026-01-02T07:25:12 ffmpeg/mov,mp4,m4a,3gp,3g2,mj2: stream 0, timescale not set
2026-01-02T07:25:12 update: added Deep House/Kraak & Smaak - How We Gonna Stop The Time (Monitor 66 Remix).mp4
2026-01-02T07:25:12 update: added Deep House/Akagi (Original Mix) - Alfred Taylor.mp3
2026-01-02T07:25:12 ffmpeg/mov,mp4,m4a,3gp,3g2,mj2: stream 0, timescale not set
2026-01-02T07:25:12 update: added Deep House/Aziza [Silky Club Vocal] - Satin Souls.m4a
2026-01-02T07:25:12 update: added Deep House/Carry U Inside - Phisics.mp3
2026-01-02T07:25:12 update: added Deep House/Essential Bit of Piano (Club Mix) - Fer Ferrari.mp3
2026-01-02T07:25:12 update: added Deep House/Move it (original mix) - S.W..mp3
2026-01-02T07:25:12 update: added Deep House/Aziza (Satin Soul's Silky Club Vocal) - Satin Souls.mp3
2026-01-02T07:25:12 update: added Deep House/A Thousand Years (Sunrise Vocal Mix) - Julius Papp Feat. Gina Rene.mp3
2026-01-02T07:25:12 update: added Deep House/Kraak & Smaak - How We Gonna Stop The Time (Monitor 66 Remix) (1).mp3
2026-01-02T07:25:12 update: added Deep House/Like A Fool - Crazy P.mp3
2026-01-02T07:25:12 update: added Deep House/Grace (Original Mix) - Cleavage & Lars Vegas.mp3
2026-01-02T07:25:12 update: added Deep House/Marble Arch (Original Mix) - Subway Ground Master.mp3
2026-01-02T07:25:12 update: added Deep House/Night Walk (Original Mix) - Nikola Gala.mp3
2026-01-02T07:25:12 update: added Deep House/Conch (Original Mix) - Spiritchaser.mp3
2026-01-02T07:25:12 update: added Deep House/Alone (Paradise Mix) - Don Carlos.mp3
2026-01-02T07:25:12 update: added Deep House/Summer Daze (Original 12 Mix) - Nick Holder.mp3
2026-01-02T07:25:12 update: added Deep House/Everyday & Everynight (KANT Remix) - Amber Jolene & Nolan.mp3
2026-01-02T07:25:12 update: added Deep House/Sweeter Love - Blue 6.mp3
2026-01-02T07:25:12 update: added Deep House/Living Up - Spirit Catcher.mp3
2026-01-02T07:25:12 ffmpeg/mov,mp4,m4a,3gp,3g2,mj2: stream 0, timescale not set
2026-01-02T07:25:12 update: added Deep House/Keep on - Pascal Dubois.m4a
2026-01-02T07:25:12 update: added Deep House/Feel - Soulful House Li'Sha Project.mp3
2026-01-02T07:25:12 update: added Deep House/Blood (Tom Middleton Remix) - Francois Dubois.mp3
2026-01-02T07:25:12 update: added Deep House/Deep It Right (Kirby Remix) - Spennu.mp3
2026-01-02T07:25:12 update: added Deep House/Deeper - Anil Chawla & Dale Anderson.mp3
2026-01-02T07:25:12 update: added Local/Pissy Pamper.mp3
2026-01-02T07:25:12 update: added good kid m.A.A.d city/Bitch, Don’t Kill My Vibe (Remix).mp3
2026-01-02T07:25:12 update: added good kid m.A.A.d city/Money Trees.mp3
2026-01-02T07:25:12 update: added good kid m.A.A.d city/Bitch, Don’t Kill My Vibe (International Remix ⧸ Explicit Version).mp3
2026-01-02T07:25:12 update: added good kid m.A.A.d city/Sherane a.k.a Master Splinter’s Daughter.mp3
2026-01-02T07:25:12 update: added good kid m.A.A.d city/Real.mp3
2026-01-02T07:25:12 update: added good kid m.A.A.d city/Swimming Pools (Drank) (Extended Version).mp3
2026-01-02T07:25:12 update: added good kid m.A.A.d city/Backseat Freestyle.mp3
2026-01-02T07:25:12 update: added good kid m.A.A.d city/Poetic Justice.mp3
2026-01-02T07:25:12 update: added good kid m.A.A.d city/The Recipe (Bonus Track).mp3
2026-01-02T07:25:12 update: added good kid m.A.A.d city/Sing About Me, I'm Dying Of Thirst.mp3
2026-01-02T07:25:12 update: added good kid m.A.A.d city/Compton.mp3
2026-01-02T07:25:12 update: added good kid m.A.A.d city/Now Or Never (Bonus Track).mp3
2026-01-02T07:25:12 update: added good kid m.A.A.d city/Bitch, Don’t Kill My Vibe.mp3
2026-01-02T07:25:12 update: added good kid m.A.A.d city/Cartoons & Cereal.mp3
2026-01-02T07:25:12 update: added good kid m.A.A.d city/Black Boy Fly (Bonus Track).mp3
2026-01-02T07:25:12 update: added good kid m.A.A.d city/m.A.A.d city.mp3
2026-01-02T07:25:12 update: added good kid m.A.A.d city/The Art of Peer Pressure.mp3
2026-01-02T07:25:12 update: added good kid m.A.A.d city/good kid.mp3
2026-01-02T07:25:36 exception: Failed to open "/home/valentijn/.config/mpd/state": No such file or directory
